Using pre-set license
Built from '6000.0/staging' branch; Version is '6000.0.33f1 (433b0a79340b) revision 4406026'; Using compiler version '193933523'; Build Type 'Release'
OS: 'Windows 11  (10.0.22631) 64bit Professional' Language: 'en' Physical Memory: 98045 MB
BatchMode: 1, IsHumanControllingUs: 0, StartBugReporterOnCrash: 0, Is64bit: 1, IsPro: 1

COMMAND LINE ARGUMENTS:
C:\Program Files\Unity\Hub\Editor\6000.0.33f1\Editor\Unity.exe
-adb2
-batchMode
-noUpm
-name
AssetImportWorker10
-projectPath
C:/Users/Zilby/Documents/Unity Projects/Companion
-logFile
Logs/AssetImportWorker10.log
-srvPort
58335
-job-worker-count
9
-background-job-worker-count
8
-gc-helper-count
1
Successfully changed project path to: C:/Users/Zilby/Documents/Unity Projects/Companion
C:/Users/Zilby/Documents/Unity Projects/Companion
[UnityMemory] Configuration Parameters - Can be set up in boot.config
    "memorysetup-bucket-allocator-granularity=16"
    "memorysetup-bucket-allocator-bucket-count=8"
    "memorysetup-bucket-allocator-block-size=33554432"
    "memorysetup-bucket-allocator-block-count=8"
    "memorysetup-main-allocator-block-size=16777216"
    "memorysetup-thread-allocator-block-size=16777216"
    "memorysetup-gfx-main-allocator-block-size=16777216"
    "memorysetup-gfx-thread-allocator-block-size=16777216"
    "memorysetup-cache-allocator-block-size=4194304"
    "memorysetup-typetree-allocator-block-size=2097152"
    "memorysetup-profiler-bucket-allocator-granularity=16"
    "memorysetup-profiler-bucket-allocator-bucket-count=8"
    "memorysetup-profiler-bucket-allocator-block-size=33554432"
    "memorysetup-profiler-bucket-allocator-block-count=8"
    "memorysetup-profiler-allocator-block-size=16777216"
    "memorysetup-profiler-editor-allocator-block-size=1048576"
    "memorysetup-temp-allocator-size-main=16777216"
    "memorysetup-job-temp-allocator-block-size=2097152"
    "memorysetup-job-temp-allocator-block-size-background=1048576"
    "memorysetup-job-temp-allocator-reduction-small-platforms=262144"
    "memorysetup-allocator-temp-initial-block-size-main=262144"
    "memorysetup-allocator-temp-initial-block-size-worker=262144"
    "memorysetup-temp-allocator-size-background-worker=32768"
    "memorysetup-temp-allocator-size-job-worker=262144"
    "memorysetup-temp-allocator-size-preload-manager=33554432"
    "memorysetup-temp-allocator-size-nav-mesh-worker=65536"
    "memorysetup-temp-allocator-size-audio-worker=65536"
    "memorysetup-temp-allocator-size-cloud-worker=32768"
    "memorysetup-temp-allocator-size-gi-baking-worker=262144"
    "memorysetup-temp-allocator-size-gi-baking-worker=262144"
    "memorysetup-temp-allocator-size-gi-baking-worker=262144"
    "memorysetup-temp-allocator-size-gi-baking-worker=262144"
    "memorysetup-temp-allocator-size-gi-baking-worker=262144"
    "memorysetup-temp-allocator-size-gfx=262144"
Player connection [65588]  Target information:

Player connection [65588]  * "[IP] 192.168.1.2 [Port] 0 [Flags] 2 [Guid] 60732785 [EditorId] 60732785 [Version] 1048832 [Id] WindowsEditor(7,ZILBMOFOB) [Debug] 1 [PackageName] WindowsEditor [ProjectName] Editor" 

Player connection [65588]  * "[IP] 10.5.0.2 [Port] 0 [Flags] 2 [Guid] 60732785 [EditorId] 60732785 [Version] 1048832 [Id] WindowsEditor(7,ZILBMOFOB) [Debug] 1 [PackageName] WindowsEditor [ProjectName] Editor" 

Player connection [65588] Host joined multi-casting on [225.0.0.222:54997]...
Player connection [65588] Host joined alternative multi-casting on [225.0.0.222:34997]...
JobSystem: Creating JobQueue using job-worker-count value 9
[Physics::Module] Initialized fallback backend.
[Physics::Module] Id: 0xdecafbad
Library Redirect Path: Library/
[Physics::Module] Selected backend.
[Physics::Module] Name: PhysX
[Physics::Module] Id: 0xf2b8ea05
[Physics::Module] SDK Version: 4.1.2
[Physics::Module] Integration Version: 1.0.0
[Physics::Module] Threading Mode: Multi-Threaded
Refreshing native plugins compatible for Editor in 4.30 ms, found 3 plugins.
Preloading 0 native plugins for Editor in 0.00 ms.
Initialize engine version: 6000.0.33f1 (433b0a79340b)
[Subsystems] Discovering subsystems at path C:/Program Files/Unity/Hub/Editor/6000.0.33f1/Editor/Data/Resources/UnitySubsystems
[Subsystems] Discovering subsystems at path C:/Users/Zilby/Documents/Unity Projects/Companion/Assets
GfxDevice: creating device client; kGfxThreadingModeNonThreaded
Direct3D:
    Version:  Direct3D 11.0 [level 11.1]
    Renderer: NVIDIA GeForce RTX 3080 (ID=0x2216)
    Vendor:   NVIDIA
    VRAM:     10053 MB
    Driver:   32.0.15.7270
Initialize mono
Mono path[0] = 'C:/Program Files/Unity/Hub/Editor/6000.0.33f1/Editor/Data/Managed'
Mono path[1] = 'C:/Program Files/Unity/Hub/Editor/6000.0.33f1/Editor/Data/MonoBleedingEdge/lib/mono/unityjit-win32'
Mono config path = 'C:/Program Files/Unity/Hub/Editor/6000.0.33f1/Editor/Data/MonoBleedingEdge/etc'
Using monoOptions --debugger-agent=transport=dt_socket,embedding=1,server=y,suspend=n,address=127.0.0.1:56864
Begin MonoManager ReloadAssembly
Registering precompiled unity dll's ...
Register platform support module: C:/Program Files/Unity/Hub/Editor/6000.0.33f1/Editor/Data/PlaybackEngines/WindowsStandaloneSupport/UnityEditor.WindowsStandalone.Extensions.dll
Register platform support module: C:/Program Files/Unity/Hub/Editor/6000.0.33f1/Editor/Data/PlaybackEngines/MetroSupport/UnityEditor.UWP.Extensions.dll
Registered in 0.002775 seconds.
- Loaded All Assemblies, in  0.363 seconds
Native extension for UWP target not found
Native extension for WindowsStandalone target not found
Mono: successfully reloaded assembly
- Finished resetting the current domain, in  0.355 seconds
Domain Reload Profiling: 716ms
	BeginReloadAssembly (106ms)
		ExecutionOrderSort (0ms)
		DisableScriptedObjects (0ms)
		BackupInstance (0ms)
		ReleaseScriptingObjects (0ms)
		CreateAndSetChildDomain (1ms)
	RebuildCommonClasses (30ms)
	RebuildNativeTypeToScriptingClass (11ms)
	initialDomainReloadingComplete (41ms)
	LoadAllAssembliesAndSetupDomain (171ms)
		LoadAssemblies (104ms)
		RebuildTransferFunctionScriptingTraits (0ms)
		AnalyzeDomain (169ms)
			TypeCache.Refresh (167ms)
				TypeCache.ScanAssembly (154ms)
			BuildScriptInfoCaches (0ms)
			ResolveRequiredComponents (0ms)
	FinalizeReload (355ms)
		ReleaseScriptCaches (0ms)
		RebuildScriptCaches (0ms)
		SetupLoadedEditorAssemblies (298ms)
			LogAssemblyErrors (0ms)
			InitializePlatformSupportModulesInManaged (64ms)
			SetLoadedEditorAssemblies (4ms)
			BeforeProcessingInitializeOnLoad (42ms)
			ProcessInitializeOnLoadAttributes (140ms)
			ProcessInitializeOnLoadMethodAttributes (48ms)
			AfterProcessingInitializeOnLoad (0ms)
			EditorAssembliesLoaded (0ms)
		ExecutionOrderSort2 (0ms)
		AwakeInstancesAfterBackupRestoration (0ms)
========================================================================
Worker process is ready to serve import requests
Import Worker Mode flag is 0x00
Begin MonoManager ReloadAssembly
Duplicate assembly 'log4net.dll' with different versions detected, using 'Packages/com.unity.package-validation-suite/Lib/Editor/log4net.dll, AssemblyName=log4net, Version=2.0.8.0, Culture=neutral, PublicKeyToken=669e0ddf0bb1aa2a' and ignoring 'Packages/com.unity.collab-proxy/Lib/Editor/log4netPlastic.dll, AssemblyName=log4net, Version=1.2.15.0, Culture=neutral, PublicKeyToken=669e0ddf0bb1aa2a'.Assembly 'Library/ScriptAssemblies/Assembly-CSharp-Editor.dll' will not be loaded due to errors:
Reference has errors 'Assembly-CSharp'.
Assembly 'Library/ScriptAssemblies/Assembly-CSharp.dll' will not be loaded due to errors:
Unable to resolve reference 'Assembly-CSharp-firstpass'. Is the assembly missing or incompatible with the current platform?
Reference validation can be disabled in the Plugin Inspector.
Symbol file LoadedFromMemory is not a mono symbol file
- Loaded All Assemblies, in  0.950 seconds
Refreshing native plugins compatible for Editor in 4.15 ms, found 3 plugins.
Native extension for UWP target not found
Native extension for WindowsStandalone target not found
Refreshing native plugins compatible for Editor in 3.20 ms, found 3 plugins.
[MODES] ModeService[none].Initialize
[MODES] ModeService[none].LoadModes
[MODES] Loading mode Default (0) for mode-current-id-Companion
Mono: successfully reloaded assembly
- Finished resetting the current domain, in  0.986 seconds
Domain Reload Profiling: 1931ms
	BeginReloadAssembly (162ms)
		ExecutionOrderSort (0ms)
		DisableScriptedObjects (4ms)
		BackupInstance (0ms)
		ReleaseScriptingObjects (0ms)
		CreateAndSetChildDomain (40ms)
	RebuildCommonClasses (33ms)
	RebuildNativeTypeToScriptingClass (9ms)
	initialDomainReloadingComplete (39ms)
	LoadAllAssembliesAndSetupDomain (701ms)
		LoadAssemblies (440ms)
		RebuildTransferFunctionScriptingTraits (0ms)
		AnalyzeDomain (349ms)
			TypeCache.Refresh (241ms)
				TypeCache.ScanAssembly (220ms)
			BuildScriptInfoCaches (95ms)
			ResolveRequiredComponents (8ms)
	FinalizeReload (987ms)
		ReleaseScriptCaches (0ms)
		RebuildScriptCaches (0ms)
		SetupLoadedEditorAssemblies (862ms)
			LogAssemblyErrors (0ms)
			InitializePlatformSupportModulesInManaged (14ms)
			SetLoadedEditorAssemblies (5ms)
			BeforeProcessingInitializeOnLoad (100ms)
			ProcessInitializeOnLoadAttributes (533ms)
			ProcessInitializeOnLoadMethodAttributes (206ms)
			AfterProcessingInitializeOnLoad (4ms)
			EditorAssembliesLoaded (0ms)
		ExecutionOrderSort2 (0ms)
		AwakeInstancesAfterBackupRestoration (6ms)
Launched and connected shader compiler UnityShaderCompiler.exe after 0.01 seconds
Refreshing native plugins compatible for Editor in 6.07 ms, found 3 plugins.
Preloading 0 native plugins for Editor in 0.00 ms.
Unloading 259 Unused Serialized files (Serialized files now loaded: 0)
Unloading 7947 unused Assets / (9.7 MB). Loaded Objects now: 8590.
Memory consumption went from 225.1 MB to 215.4 MB.
Total: 24.939000 ms (FindLiveObjects: 1.439500 ms CreateObjectMapping: 1.951600 ms MarkObjects: 13.671900 ms  DeleteObjects: 7.872200 ms)

========================================================================
Received Import Request.
  Time since last request: 70862.033725 seconds.
  path: Assets/Standard Assets/Environment/SpeedTree/Conifer/Conifer_Desktop Materials/LOD0/Branches_1.mat
  artifactKey: Guid(fdb77c3917027234db7a7792019eda2e) Importer(2089858483,192608db42251d675da83286b1cce702)
Start importing Assets/Standard Assets/Environment/SpeedTree/Conifer/Conifer_Desktop Materials/LOD0/Branches_1.mat using Guid(fdb77c3917027234db7a7792019eda2e) Importer(2089858483,192608db42251d675da83286b1cce702) (ScriptedImporter) -> (artifact id: 'b0d8d41bc53a1ed79d9686b59a42ccd3') in 0.3767399 seconds
Number of updated asset objects reloaded before import = 0Number of asset objects unloaded after import = 3

========================================================================
Received Import Request.
  Time since last request: 0.000036 seconds.
  path: Assets/Standard Assets/2D/Animations/RobotBoyJump01.anim
  artifactKey: Guid(5d8caf2b5dcc5414c8d319d27f73828e) Importer(2089858483,192608db42251d675da83286b1cce702)
Start importing Assets/Standard Assets/2D/Animations/RobotBoyJump01.anim using Guid(5d8caf2b5dcc5414c8d319d27f73828e) Importer(2089858483,192608db42251d675da83286b1cce702) (ScriptedImporter) -> (artifact id: 'dd091adf3e2b7fe94652251dec2c28fc') in 0.039976 seconds
Number of updated asset objects reloaded before import = 0Number of asset objects unloaded after import = 1

========================================================================
Received Import Request.
  Time since last request: 0.000031 seconds.
  path: Assets/Standard Assets/2D/Prefabs/CratePink.prefab
  artifactKey: Guid(18fcd494ab71841d695135246693eb3a) Importer(2089858483,192608db42251d675da83286b1cce702)
Start importing Assets/Standard Assets/2D/Prefabs/CratePink.prefab using Guid(18fcd494ab71841d695135246693eb3a) Importer(2089858483,192608db42251d675da83286b1cce702) (ScriptedImporter) -> (artifact id: 'e89b2cdec732cd60b4e5b94dc25f6075') in 0.0780486 seconds
Number of updated asset objects reloaded before import = 0Number of asset objects unloaded after import = 11

========================================================================
Received Import Request.
  Time since last request: 0.000038 seconds.
  path: Assets/Standard Assets/Environment/SpeedTree/Broadleaf/Broadleaf_Desktop Materials/LOD0/FacingLeaves_4.mat
  artifactKey: Guid(d5b20def9c5c05748a01627738b94531) Importer(2089858483,192608db42251d675da83286b1cce702)
Start importing Assets/Standard Assets/Environment/SpeedTree/Broadleaf/Broadleaf_Desktop Materials/LOD0/FacingLeaves_4.mat using Guid(d5b20def9c5c05748a01627738b94531) Importer(2089858483,192608db42251d675da83286b1cce702) (ScriptedImporter) -> (artifact id: '53aab4a11878a29ffd9fdf60c8d32553') in 0.1526804 seconds
Number of updated asset objects reloaded before import = 0Number of asset objects unloaded after import = 3

========================================================================
Received Import Request.
  Time since last request: 0.000034 seconds.
  path: Assets/Standard Assets/Vehicles/Aircraft/Animation/PropGearLower.anim
  artifactKey: Guid(b0d860451fde0ed4f8eb280e77fd230c) Importer(2089858483,192608db42251d675da83286b1cce702)
Start importing Assets/Standard Assets/Vehicles/Aircraft/Animation/PropGearLower.anim using Guid(b0d860451fde0ed4f8eb280e77fd230c) Importer(2089858483,192608db42251d675da83286b1cce702) (ScriptedImporter) -> (artifact id: '2f834d93302a9d8724c2a105ba47302f') in 0.0440728 seconds
Number of updated asset objects reloaded before import = 0Number of asset objects unloaded after import = 1

========================================================================
Received Import Request.
  Time since last request: 0.000048 seconds.
  path: Assets/Standard Assets/ParticleSystems/Textures/ParticleCloudBlack.png
  artifactKey: Guid(830884c18cf5e7a4895ee02c2dcd8e12) Importer(2089858483,192608db42251d675da83286b1cce702)
Start importing Assets/Standard Assets/ParticleSystems/Textures/ParticleCloudBlack.png using Guid(830884c18cf5e7a4895ee02c2dcd8e12) Importer(2089858483,192608db42251d675da83286b1cce702) (ScriptedImporter) -> (artifact id: '39bb345337c056f96cd189a51328abef') in 0.0494634 seconds
Number of updated asset objects reloaded before import = 0Number of asset objects unloaded after import = 1

========================================================================
Received Import Request.
  Time since last request: 0.000026 seconds.
  path: Assets/Standard Assets/2D
  artifactKey: Guid(27dbec7630294d64c9ab91261656cbd4) Importer(2089858483,192608db42251d675da83286b1cce702)
Start importing Assets/Standard Assets/2D using Guid(27dbec7630294d64c9ab91261656cbd4) Importer(2089858483,192608db42251d675da83286b1cce702) (ScriptedImporter) -> (artifact id: '1e670e11cd2f98ebdb886e2bb471bafc') in 0.0142546 seconds
Number of updated asset objects reloaded before import = 0Number of asset objects unloaded after import = 1

========================================================================
Received Import Request.
  Time since last request: 0.000031 seconds.
  path: Assets/Standard Assets/Effects/ToonShading/Shaders/ToonBasic.shader
  artifactKey: Guid(d84268709d11078d11005b9844295342) Importer(2089858483,192608db42251d675da83286b1cce702)
Start importing Assets/Standard Assets/Effects/ToonShading/Shaders/ToonBasic.shader using Guid(d84268709d11078d11005b9844295342) Importer(2089858483,192608db42251d675da83286b1cce702) (ScriptedImporter) -> (artifact id: 'a853fc6b4d1eb96cb915a54214a917eb') in 0.0193784 seconds
Number of updated asset objects reloaded before import = 0Number of asset objects unloaded after import = 1

========================================================================
Received Import Request.
  Time since last request: 0.000024 seconds.
  path: Assets/Standard Assets/2D/Scripts
  artifactKey: Guid(b656cca21e797074a84563027a508ce1) Importer(2089858483,192608db42251d675da83286b1cce702)
Start importing Assets/Standard Assets/2D/Scripts using Guid(b656cca21e797074a84563027a508ce1) Importer(2089858483,192608db42251d675da83286b1cce702) (ScriptedImporter) -> (artifact id: 'a54011c0c44c6191fe9354acf5884ed6') in 0.0114206 seconds
Number of updated asset objects reloaded before import = 0Number of asset objects unloaded after import = 1

========================================================================
Received Import Request.
  Time since last request: 0.000014 seconds.
  path: Assets/Standard Assets/2D/Animations/RobotBoyJump02.anim
  artifactKey: Guid(078bf204f06fcac44978d49dd094b43e) Importer(2089858483,192608db42251d675da83286b1cce702)
Start importing Assets/Standard Assets/2D/Animations/RobotBoyJump02.anim using Guid(078bf204f06fcac44978d49dd094b43e) Importer(2089858483,192608db42251d675da83286b1cce702) (ScriptedImporter) -> (artifact id: '718c1a3f0fdf22b5700e1110c7cd4f25') in 0.0119313 seconds
Number of updated asset objects reloaded before import = 0Number of asset objects unloaded after import = 1

========================================================================
Received Import Request.
  Time since last request: 0.000018 seconds.
  path: Assets/Standard Assets/Editor/CrossPlatformInput/CrossPlatformInputInitialize.cs
  artifactKey: Guid(db7667203062c644ea1877077e30ebd6) Importer(2089858483,192608db42251d675da83286b1cce702)
Start importing Assets/Standard Assets/Editor/CrossPlatformInput/CrossPlatformInputInitialize.cs using Guid(db7667203062c644ea1877077e30ebd6) Importer(2089858483,192608db42251d675da83286b1cce702) (ScriptedImporter) -> (artifact id: 'a367fde68905839e2b3b5532ea5be290') in 0.0134843 seconds
Number of updated asset objects reloaded before import = 0Number of asset objects unloaded after import = 0

========================================================================
Received Import Request.
  Time since last request: 0.000038 seconds.
  path: Assets/Standard Assets/Vehicles/Aircraft/Animation/JetGearRaise.anim
  artifactKey: Guid(24edf56eb06f81748b6c139dc9ddc868) Importer(2089858483,192608db42251d675da83286b1cce702)
Start importing Assets/Standard Assets/Vehicles/Aircraft/Animation/JetGearRaise.anim using Guid(24edf56eb06f81748b6c139dc9ddc868) Importer(2089858483,192608db42251d675da83286b1cce702) (ScriptedImporter) -> (artifact id: '95de3d3abc5f669a1ce93c6cb477697e') in 0.0218677 seconds
Number of updated asset objects reloaded before import = 0Number of asset objects unloaded after import = 1

========================================================================
Received Import Request.
  Time since last request: 0.000023 seconds.
  path: Assets/Standard Assets/Vehicles/Car
  artifactKey: Guid(09cfa44c71dfd864283e08dc3fa7fb4b) Importer(2089858483,192608db42251d675da83286b1cce702)
Start importing Assets/Standard Assets/Vehicles/Car using Guid(09cfa44c71dfd864283e08dc3fa7fb4b) Importer(2089858483,192608db42251d675da83286b1cce702) (ScriptedImporter) -> (artifact id: '750db36730fc6376e9a0a5f2c9ac86f2') in 0.0126447 seconds
Number of updated asset objects reloaded before import = 0Number of asset objects unloaded after import = 1

========================================================================
Received Import Request.
  Time since last request: 0.000028 seconds.
  path: Assets/Standard Assets/Characters/FirstPersonCharacter/Prefabs
  artifactKey: Guid(0bfb2599080d5d24e84362b4ae314ae7) Importer(2089858483,192608db42251d675da83286b1cce702)
Start importing Assets/Standard Assets/Characters/FirstPersonCharacter/Prefabs using Guid(0bfb2599080d5d24e84362b4ae314ae7) Importer(2089858483,192608db42251d675da83286b1cce702) (ScriptedImporter) -> (artifact id: 'bfa995da0cbcba6dac2cbd82edf51ff0') in 0.0100021 seconds
Number of updated asset objects reloaded before import = 0Number of asset objects unloaded after import = 1

========================================================================
Received Import Request.
  Time since last request: 0.000016 seconds.
  path: Assets/Standard Assets/ParticleSystems/Prefabs/TyreBurnoutSmoke.prefab
  artifactKey: Guid(98c58c8dd46640c49bb5f557afafea7c) Importer(2089858483,192608db42251d675da83286b1cce702)
Start importing Assets/Standard Assets/ParticleSystems/Prefabs/TyreBurnoutSmoke.prefab using Guid(98c58c8dd46640c49bb5f557afafea7c) Importer(2089858483,192608db42251d675da83286b1cce702) (ScriptedImporter) -> (artifact id: '45cf4178f8fab2e83e4fcf37ba3f6f55') in 0.0705535 seconds
Number of updated asset objects reloaded before import = 0Number of asset objects unloaded after import = 7

========================================================================
Received Import Request.
  Time since last request: 0.000014 seconds.
  path: Assets/Standard Assets/Utility/WaypointCircuit.cs
  artifactKey: Guid(70852dc981465ea48bb527b9e33a87fd) Importer(2089858483,192608db42251d675da83286b1cce702)
Start importing Assets/Standard Assets/Utility/WaypointCircuit.cs using Guid(70852dc981465ea48bb527b9e33a87fd) Importer(2089858483,192608db42251d675da83286b1cce702) (ScriptedImporter) -> (artifact id: '31f790f17d228bf3655986fe4124e843') in 0.0100581 seconds
Number of updated asset objects reloaded before import = 0Number of asset objects unloaded after import = 0

========================================================================
Received Import Request.
  Time since last request: 0.000033 seconds.
  path: Assets/Standard Assets/Environment/SpeedTree/Broadleaf/Broadleaf_Desktop.spm
  artifactKey: Guid(c91c1eb85782d5748ace27eb4d7415bb) Importer(2089858483,192608db42251d675da83286b1cce702)
Start importing Assets/Standard Assets/Environment/SpeedTree/Broadleaf/Broadleaf_Desktop.spm using Guid(c91c1eb85782d5748ace27eb4d7415bb) Importer(2089858483,192608db42251d675da83286b1cce702) (ScriptedImporter) -> (artifact id: '5de810f5754e6102003350c0caf68c93') in 0.0105204 seconds
Number of updated asset objects reloaded before import = 0Number of asset objects unloaded after import = 0

========================================================================
Received Import Request.
  Time since last request: 0.000044 seconds.
  path: Assets/Standard Assets/Effects/Projectors/Prefabs
  artifactKey: Guid(b6b64336cd6795c4daf856f275c23f7c) Importer(2089858483,192608db42251d675da83286b1cce702)
Start importing Assets/Standard Assets/Effects/Projectors/Prefabs using Guid(b6b64336cd6795c4daf856f275c23f7c) Importer(2089858483,192608db42251d675da83286b1cce702) (ScriptedImporter) -> (artifact id: '66f8013077b91fab956e8e094fb9aed6') in 0.011229 seconds
Number of updated asset objects reloaded before import = 0Number of asset objects unloaded after import = 1

========================================================================
Received Import Request.
  Time since last request: 0.000072 seconds.
  path: Assets/Standard Assets/Prototyping/Materials/NavyGrid.mat
  artifactKey: Guid(76ff537c8e1a84345868e6aeee938ab3) Importer(2089858483,192608db42251d675da83286b1cce702)
Start importing Assets/Standard Assets/Prototyping/Materials/NavyGrid.mat using Guid(76ff537c8e1a84345868e6aeee938ab3) Importer(2089858483,192608db42251d675da83286b1cce702) (ScriptedImporter) -> (artifact id: '3ac982aa28fbad70d98a019d51985002') in 0.0357697 seconds
Number of updated asset objects reloaded before import = 0Number of asset objects unloaded after import = 3

========================================================================
Received Import Request.
  Time since last request: 0.000021 seconds.
  path: Assets/Standard Assets/Environment/SpeedTree/Palm/Palm_Desktop Materials/LOD0/Branches_1.mat
  artifactKey: Guid(fa40ba727cdc90245aac11f0ff5ead8e) Importer(2089858483,192608db42251d675da83286b1cce702)
Start importing Assets/Standard Assets/Environment/SpeedTree/Palm/Palm_Desktop Materials/LOD0/Branches_1.mat using Guid(fa40ba727cdc90245aac11f0ff5ead8e) Importer(2089858483,192608db42251d675da83286b1cce702) (ScriptedImporter) -> (artifact id: '84fa6ecceb7332ba978d3cb787239fff') in 0.0108144 seconds
Number of updated asset objects reloaded before import = 0Number of asset objects unloaded after import = 3

========================================================================
Received Import Request.
  Time since last request: 0.000019 seconds.
  path: Assets/Standard Assets/2D/Animations/RobotBoyJump04.anim
  artifactKey: Guid(bffb643e1be1ea84387be9145bc4e150) Importer(2089858483,192608db42251d675da83286b1cce702)
Start importing Assets/Standard Assets/2D/Animations/RobotBoyJump04.anim using Guid(bffb643e1be1ea84387be9145bc4e150) Importer(2089858483,192608db42251d675da83286b1cce702) (ScriptedImporter) -> (artifact id: '5877cd10426f1c5fcd8be6d1db400920') in 0.0130076 seconds
Number of updated asset objects reloaded before import = 0Number of asset objects unloaded after import = 1

========================================================================
Received Import Request.
  Time since last request: 0.000025 seconds.
  path: Assets/Standard Assets/Vehicles/Aircraft/Materials/ParticleJetTrail.mat
  artifactKey: Guid(7a474fad7982a8e42af709db5f90c4f6) Importer(2089858483,192608db42251d675da83286b1cce702)
Start importing Assets/Standard Assets/Vehicles/Aircraft/Materials/ParticleJetTrail.mat using Guid(7a474fad7982a8e42af709db5f90c4f6) Importer(2089858483,192608db42251d675da83286b1cce702) (ScriptedImporter) -> (artifact id: '6f21b31fc798a1ce3993b071d9fec99f') in 0.0093924 seconds
Number of updated asset objects reloaded before import = 0Number of asset objects unloaded after import = 1

========================================================================
Received Import Request.
  Time since last request: 0.000016 seconds.
  path: Assets/Standard Assets/Environment/SpeedTree/Palm/PalmFrond_Normal.tga
  artifactKey: Guid(c4a7fc95fd5ac3942b8e85ec6c60a1fa) Importer(2089858483,192608db42251d675da83286b1cce702)
Start importing Assets/Standard Assets/Environment/SpeedTree/Palm/PalmFrond_Normal.tga using Guid(c4a7fc95fd5ac3942b8e85ec6c60a1fa) Importer(2089858483,192608db42251d675da83286b1cce702) (ScriptedImporter) -> (artifact id: '4a895ed378564a03001ba5073cddb7fa') in 0.014001 seconds
Number of updated asset objects reloaded before import = 0Number of asset objects unloaded after import = 1

========================================================================
Received Import Request.
  Time since last request: 0.000022 seconds.
  path: Assets/Standard Assets/Utility/TimedObjectDestructor.cs
  artifactKey: Guid(37fac21d1f093d344816942d1abce94e) Importer(2089858483,192608db42251d675da83286b1cce702)
Start importing Assets/Standard Assets/Utility/TimedObjectDestructor.cs using Guid(37fac21d1f093d344816942d1abce94e) Importer(2089858483,192608db42251d675da83286b1cce702) (ScriptedImporter) -> (artifact id: 'df526a5c81a431b7130efd82859f59f5') in 0.0133901 seconds
Number of updated asset objects reloaded before import = 0Number of asset objects unloaded after import = 0

========================================================================
Received Import Request.
  Time since last request: 0.000038 seconds.
  path: Assets/Standard Assets/Effects/Projectors
  artifactKey: Guid(ab90c5d984b4d4e9e935ae8760fd47ef) Importer(2089858483,192608db42251d675da83286b1cce702)
Start importing Assets/Standard Assets/Effects/Projectors using Guid(ab90c5d984b4d4e9e935ae8760fd47ef) Importer(2089858483,192608db42251d675da83286b1cce702) (ScriptedImporter) -> (artifact id: '2d42f91ff7290c10cd3d667a707ff0ea') in 0.0155117 seconds
Number of updated asset objects reloaded before import = 0Number of asset objects unloaded after import = 1

========================================================================
Received Import Request.
  Time since last request: 0.000028 seconds.
  path: Assets/Standard Assets/Effects/Projectors/Shaders/ProjectorLight.shader
  artifactKey: Guid(c0ace1ca4bc0718448acf798c93d52d9) Importer(2089858483,192608db42251d675da83286b1cce702)
Start importing Assets/Standard Assets/Effects/Projectors/Shaders/ProjectorLight.shader using Guid(c0ace1ca4bc0718448acf798c93d52d9) Importer(2089858483,192608db42251d675da83286b1cce702) (ScriptedImporter) -> (artifact id: '522d23e48c7a920374b99dca708bfa64') in 0.0208582 seconds
Number of updated asset objects reloaded before import = 0Number of asset objects unloaded after import = 1

========================================================================
Received Import Request.
  Time since last request: 0.000019 seconds.
  path: Assets/Standard Assets/Cameras
  artifactKey: Guid(604bd9e7358cf48c0969f5b515a8c51c) Importer(2089858483,192608db42251d675da83286b1cce702)
Start importing Assets/Standard Assets/Cameras using Guid(604bd9e7358cf48c0969f5b515a8c51c) Importer(2089858483,192608db42251d675da83286b1cce702) (ScriptedImporter) -> (artifact id: '3a06efe7f6eb905a5e4a5614ede57a46') in 0.0121498 seconds
Number of updated asset objects reloaded before import = 0Number of asset objects unloaded after import = 1

========================================================================
Received Import Request.
  Time since last request: 0.000018 seconds.
  path: Assets/Standard Assets/Environment/Water/Water4/Prefabs
  artifactKey: Guid(d25c4f81e90442d4bbda4d5285669c95) Importer(2089858483,192608db42251d675da83286b1cce702)
Start importing Assets/Standard Assets/Environment/Water/Water4/Prefabs using Guid(d25c4f81e90442d4bbda4d5285669c95) Importer(2089858483,192608db42251d675da83286b1cce702) (ScriptedImporter) -> (artifact id: 'a5d47d0e4aeff94c32d29cc809fb54d8') in 0.0131896 seconds
Number of updated asset objects reloaded before import = 0Number of asset objects unloaded after import = 1

========================================================================
Received Import Request.
  Time since last request: 0.000023 seconds.
  path: Assets/Standard Assets/Environment/SpeedTree/Palm/PalmBark_Detail.tga
  artifactKey: Guid(4d6c994b9ad45b847bc67ec5f857fc78) Importer(2089858483,192608db42251d675da83286b1cce702)
Start importing Assets/Standard Assets/Environment/SpeedTree/Palm/PalmBark_Detail.tga using Guid(4d6c994b9ad45b847bc67ec5f857fc78) Importer(2089858483,192608db42251d675da83286b1cce702) (ScriptedImporter) -> (artifact id: 'f4875323f3c13011a6c14b5d4e880605') in 0.0190225 seconds
Number of updated asset objects reloaded before import = 0Number of asset objects unloaded after import = 1

========================================================================
Received Import Request.
  Time since last request: 0.000019 seconds.
  path: Assets/Standard Assets/2D/Animations/RobotBoyFalling.anim
  artifactKey: Guid(03bedf7094c479549beb9434f2033c2e) Importer(2089858483,192608db42251d675da83286b1cce702)
Start importing Assets/Standard Assets/2D/Animations/RobotBoyFalling.anim using Guid(03bedf7094c479549beb9434f2033c2e) Importer(2089858483,192608db42251d675da83286b1cce702) (ScriptedImporter) -> (artifact id: '5f733d9fdf6c0aa087287cc5756e757a') in 0.0158594 seconds
Number of updated asset objects reloaded before import = 0Number of asset objects unloaded after import = 1

========================================================================
Received Import Request.
  Time since last request: 0.000030 seconds.
  path: Assets/Standard Assets/Vehicles/Aircraft/Audio/PropellerEngine.wav
  artifactKey: Guid(f1fa78c409ee9704598f300b09f6117d) Importer(2089858483,192608db42251d675da83286b1cce702)
Start importing Assets/Standard Assets/Vehicles/Aircraft/Audio/PropellerEngine.wav using Guid(f1fa78c409ee9704598f300b09f6117d) Importer(2089858483,192608db42251d675da83286b1cce702) (ScriptedImporter) -> (artifact id: 'e857302651ac71903faf9e7601d8ca0d') in 0.0361018 seconds
Number of updated asset objects reloaded before import = 0Number of asset objects unloaded after import = 1

========================================================================
Received Import Request.
  Time since last request: 0.000020 seconds.
  path: Assets/Standard Assets/Characters/FirstPersonCharacter/Audio/Land.wav
  artifactKey: Guid(3b09d59f4499d45428baa7a21e954296) Importer(2089858483,192608db42251d675da83286b1cce702)
Start importing Assets/Standard Assets/Characters/FirstPersonCharacter/Audio/Land.wav using Guid(3b09d59f4499d45428baa7a21e954296) Importer(2089858483,192608db42251d675da83286b1cce702) (ScriptedImporter) -> (artifact id: '5c189ad7656c640bff9f8379e076526b') in 0.0211354 seconds
Number of updated asset objects reloaded before import = 0Number of asset objects unloaded after import = 1

========================================================================
Received Import Request.
  Time since last request: 0.033837 seconds.
  path: Assets/Standard Assets/Prototyping/Models/HousePrototype16x16x24.fbx
  artifactKey: Guid(ce7348d724aa0fc44aaf53391b9bae9b) Importer(2089858483,192608db42251d675da83286b1cce702)
Start importing Assets/Standard Assets/Prototyping/Models/HousePrototype16x16x24.fbx using Guid(ce7348d724aa0fc44aaf53391b9bae9b) Importer(2089858483,192608db42251d675da83286b1cce702) (ScriptedImporter) -> (artifact id: '0cdf1af4f056353046d6349e1ea9a186') in 0.0137221 seconds
Number of updated asset objects reloaded before import = 0Number of asset objects unloaded after import = 0

========================================================================
Received Import Request.
  Time since last request: 0.000039 seconds.
  path: Assets/Standard Assets/Effects/LightFlares
  artifactKey: Guid(d8cfa4746d26d4715b9f848bce1e2f14) Importer(2089858483,192608db42251d675da83286b1cce702)
Start importing Assets/Standard Assets/Effects/LightFlares using Guid(d8cfa4746d26d4715b9f848bce1e2f14) Importer(2089858483,192608db42251d675da83286b1cce702) (ScriptedImporter) -> (artifact id: 'de9d99c5da15b37260e28141ef7595dc') in 0.0120704 seconds
Number of updated asset objects reloaded before import = 0Number of asset objects unloaded after import = 1

========================================================================
Received Import Request.
  Time since last request: 0.000023 seconds.
  path: Assets/Standard Assets/ParticleSystems/Scripts/SmokeParticles.cs
  artifactKey: Guid(4414ab7cd3d674b449d233db0d583605) Importer(2089858483,192608db42251d675da83286b1cce702)
Start importing Assets/Standard Assets/ParticleSystems/Scripts/SmokeParticles.cs using Guid(4414ab7cd3d674b449d233db0d583605) Importer(2089858483,192608db42251d675da83286b1cce702) (ScriptedImporter) -> (artifact id: '3a94cbdb84189724602783dbb2ee012a') in 0.0120747 seconds
Number of updated asset objects reloaded before import = 0Number of asset objects unloaded after import = 0

========================================================================
Received Import Request.
  Time since last request: 0.000086 seconds.
  path: Assets/Standard Assets/Prototyping/Textures/SwatchPinkDAlbedo.png
  artifactKey: Guid(580615edf5e29d245af58fc5fe2b06ac) Importer(2089858483,192608db42251d675da83286b1cce702)
Start importing Assets/Standard Assets/Prototyping/Textures/SwatchPinkDAlbedo.png using Guid(580615edf5e29d245af58fc5fe2b06ac) Importer(2089858483,192608db42251d675da83286b1cce702) (ScriptedImporter) -> (artifact id: '60dd5adefae9715d7d619f7d9859a3a4') in 0.0183183 seconds
Number of updated asset objects reloaded before import = 0Number of asset objects unloaded after import = 1

========================================================================
Received Import Request.
  Time since last request: 0.000019 seconds.
  path: Assets/Standard Assets/ParticleSystems/Prefabs/Afterburner.prefab
  artifactKey: Guid(d8c41be67f41aa545ae053b0b927f821) Importer(2089858483,192608db42251d675da83286b1cce702)
Start importing Assets/Standard Assets/ParticleSystems/Prefabs/Afterburner.prefab using Guid(d8c41be67f41aa545ae053b0b927f821) Importer(2089858483,192608db42251d675da83286b1cce702) (ScriptedImporter) -> (artifact id: 'd226bc2f1e9d671c14e51e6ff6901486') in 0.0129529 seconds
Number of updated asset objects reloaded before import = 0Number of asset objects unloaded after import = 0

========================================================================
Received Import Request.
  Time since last request: 0.000052 seconds.
  path: Assets/Standard Assets/Environment/SpeedTree/Palm/Palm_Desktop Materials/LOD1/Leaves_3.mat
  artifactKey: Guid(9cc6d6e9e3fe9154890a6f9caa77c955) Importer(2089858483,192608db42251d675da83286b1cce702)
Start importing Assets/Standard Assets/Environment/SpeedTree/Palm/Palm_Desktop Materials/LOD1/Leaves_3.mat using Guid(9cc6d6e9e3fe9154890a6f9caa77c955) Importer(2089858483,192608db42251d675da83286b1cce702) (ScriptedImporter) -> (artifact id: 'c08d2a25b0bb3c2e0772a0f51cc6f721') in 0.0205034 seconds
Number of updated asset objects reloaded before import = 0Number of asset objects unloaded after import = 3

========================================================================
Received Import Request.
  Time since last request: 0.000027 seconds.
  path: Assets/Standard Assets/ParticleSystems/Prefabs/Fireworks.prefab
  artifactKey: Guid(180149b1a35449044a27b451e816d2de) Importer(2089858483,192608db42251d675da83286b1cce702)
Start importing Assets/Standard Assets/ParticleSystems/Prefabs/Fireworks.prefab using Guid(180149b1a35449044a27b451e816d2de) Importer(2089858483,192608db42251d675da83286b1cce702) (ScriptedImporter) -> (artifact id: 'd35613c6bd33977ae59c42b77fd66905') in 0.0283144 seconds
Number of updated asset objects reloaded before import = 0Number of asset objects unloaded after import = 31

========================================================================
Received Import Request.
  Time since last request: 0.000020 seconds.
  path: Assets/Standard Assets/ParticleSystems/Textures/SplashesFineParticle.png
  artifactKey: Guid(8e44fe896458128418bff33ed3981421) Importer(2089858483,192608db42251d675da83286b1cce702)
Start importing Assets/Standard Assets/ParticleSystems/Textures/SplashesFineParticle.png using Guid(8e44fe896458128418bff33ed3981421) Importer(2089858483,192608db42251d675da83286b1cce702) (ScriptedImporter) -> (artifact id: 'cfd73e6c210f740591b2e928b2746f16') in 0.0172047 seconds
Number of updated asset objects reloaded before import = 0Number of asset objects unloaded after import = 1

========================================================================
Received Import Request.
  Time since last request: 0.000032 seconds.
  path: Assets/Standard Assets/Effects/LightFlares/Textures/FlareStar.psd
  artifactKey: Guid(51dc82ef9d11c594d000e7c9e39e7c39) Importer(2089858483,192608db42251d675da83286b1cce702)
Start importing Assets/Standard Assets/Effects/LightFlares/Textures/FlareStar.psd using Guid(51dc82ef9d11c594d000e7c9e39e7c39) Importer(2089858483,192608db42251d675da83286b1cce702) (ScriptedImporter) -> (artifact id: 'e741143b325b4678dfee90e412582572') in 0.0191577 seconds
Number of updated asset objects reloaded before import = 0Number of asset objects unloaded after import = 1

========================================================================
Received Import Request.
  Time since last request: 0.000024 seconds.
  path: Assets/Standard Assets/Editor
  artifactKey: Guid(8f7308500f322e644817ccfc3e0a17a5) Importer(2089858483,192608db42251d675da83286b1cce702)
Start importing Assets/Standard Assets/Editor using Guid(8f7308500f322e644817ccfc3e0a17a5) Importer(2089858483,192608db42251d675da83286b1cce702) (ScriptedImporter) -> (artifact id: 'd28a556b175cc169a15fa6d0e2585565') in 0.0131805 seconds
Number of updated asset objects reloaded before import = 0Number of asset objects unloaded after import = 1

========================================================================
Received Import Request.
  Time since last request: 0.000025 seconds.
  path: Assets/Standard Assets/Vehicles/Aircraft/Materials/AircraftWingsJetGrey.mat
  artifactKey: Guid(42672579dbdf2c8449598d21e2c569ec) Importer(2089858483,192608db42251d675da83286b1cce702)
Start importing Assets/Standard Assets/Vehicles/Aircraft/Materials/AircraftWingsJetGrey.mat using Guid(42672579dbdf2c8449598d21e2c569ec) Importer(2089858483,192608db42251d675da83286b1cce702) (ScriptedImporter) -> (artifact id: '6377167157632b3de726b815e2bc8f48') in 0.0485453 seconds
Number of updated asset objects reloaded before import = 0Number of asset objects unloaded after import = 3

========================================================================
Received Import Request.
  Time since last request: 0.000024 seconds.
  path: Assets/Standard Assets/Environment/Water (Basic)/Shaders/FXWaterBasic.shader
  artifactKey: Guid(9dccc8e8f0da4494991c26ef59019551) Importer(2089858483,192608db42251d675da83286b1cce702)
Start importing Assets/Standard Assets/Environment/Water (Basic)/Shaders/FXWaterBasic.shader using Guid(9dccc8e8f0da4494991c26ef59019551) Importer(2089858483,192608db42251d675da83286b1cce702) (ScriptedImporter) -> (artifact id: 'a850f3381230d28170067cad318eba6f') in 0.0138126 seconds
Number of updated asset objects reloaded before import = 0Number of asset objects unloaded after import = 1

========================================================================
Received Import Request.
  Time since last request: 0.000027 seconds.
  path: Assets/Standard Assets/Prototyping/Models/PickupPrototype01x01x01.fbx
  artifactKey: Guid(00718395eefb6084bb25555f962f25c0) Importer(2089858483,192608db42251d675da83286b1cce702)
Start importing Assets/Standard Assets/Prototyping/Models/PickupPrototype01x01x01.fbx using Guid(00718395eefb6084bb25555f962f25c0) Importer(2089858483,192608db42251d675da83286b1cce702) (ScriptedImporter) -> (artifact id: '3098b0d4f88068a7f8e7dcfe89a3cf1f') in 0.0119214 seconds
Number of updated asset objects reloaded before import = 0Number of asset objects unloaded after import = 0

========================================================================
Received Import Request.
  Time since last request: 0.000032 seconds.
  path: Assets/Standard Assets/Characters/FirstPersonCharacter/Scripts/HeadBob.cs
  artifactKey: Guid(83c81407209f85e4c87c0cda8b32868e) Importer(2089858483,192608db42251d675da83286b1cce702)
Start importing Assets/Standard Assets/Characters/FirstPersonCharacter/Scripts/HeadBob.cs using Guid(83c81407209f85e4c87c0cda8b32868e) Importer(2089858483,192608db42251d675da83286b1cce702) (ScriptedImporter) -> (artifact id: '02a445e41adf31e49a12be669b2cca87') in 0.0088563 seconds
Number of updated asset objects reloaded before import = 0Number of asset objects unloaded after import = 0

========================================================================
Received Import Request.
  Time since last request: 0.000071 seconds.
  path: Assets/Standard Assets/Environment/SpeedTree/Broadleaf/Broadleaf_Desktop Materials/LOD2/FacingLeaves_4.mat
  artifactKey: Guid(d5222114580affc49a2af92470232e23) Importer(2089858483,192608db42251d675da83286b1cce702)
Start importing Assets/Standard Assets/Environment/SpeedTree/Broadleaf/Broadleaf_Desktop Materials/LOD2/FacingLeaves_4.mat using Guid(d5222114580affc49a2af92470232e23) Importer(2089858483,192608db42251d675da83286b1cce702) (ScriptedImporter) -> (artifact id: '0a9dad0335cf78c8572659422c08817f') in 0.0150297 seconds
Number of updated asset objects reloaded before import = 0Number of asset objects unloaded after import = 3

========================================================================
Received Import Request.
  Time since last request: 0.000019 seconds.
  path: Assets/Standard Assets/Editor/CrossPlatformInput
  artifactKey: Guid(696c0e7b8c74e1442acbf15c2df9e72d) Importer(2089858483,192608db42251d675da83286b1cce702)
Start importing Assets/Standard Assets/Editor/CrossPlatformInput using Guid(696c0e7b8c74e1442acbf15c2df9e72d) Importer(2089858483,192608db42251d675da83286b1cce702) (ScriptedImporter) -> (artifact id: '3b3d46a074a2f42452697ed2a1a6818f') in 0.0116917 seconds
Number of updated asset objects reloaded before import = 0Number of asset objects unloaded after import = 1

========================================================================
Received Import Request.
  Time since last request: 0.000020 seconds.
  path: Assets/Standard Assets/2D/Prefabs/PlatformRamp.prefab
  artifactKey: Guid(47d3e747b2e87de4c8358aaa436365ea) Importer(2089858483,192608db42251d675da83286b1cce702)
Start importing Assets/Standard Assets/2D/Prefabs/PlatformRamp.prefab using Guid(47d3e747b2e87de4c8358aaa436365ea) Importer(2089858483,192608db42251d675da83286b1cce702) (ScriptedImporter) -> (artifact id: 'e84804bbc2ec18a406f9b3d1d600d56d') in 0.0148321 seconds
Number of updated asset objects reloaded before import = 0Number of asset objects unloaded after import = 45

========================================================================
Received Import Request.
  Time since last request: 0.000028 seconds.
  path: Assets/Standard Assets/Vehicles/Aircraft/Textures/AircraftPropellerBlur01WhiteAlbedo.png
  artifactKey: Guid(a01d24876a1472b408ba8e5f0bf3a23f) Importer(2089858483,192608db42251d675da83286b1cce702)
Start importing Assets/Standard Assets/Vehicles/Aircraft/Textures/AircraftPropellerBlur01WhiteAlbedo.png using Guid(a01d24876a1472b408ba8e5f0bf3a23f) Importer(2089858483,192608db42251d675da83286b1cce702) (ScriptedImporter) -> (artifact id: '15fdb5f3693d911b4e9241679ee46180') in 0.0274641 seconds
Number of updated asset objects reloaded before import = 0Number of asset objects unloaded after import = 1

========================================================================
Received Import Request.
  Time since last request: 0.000046 seconds.
  path: Assets/Standard Assets/Vehicles/Aircraft/Textures
  artifactKey: Guid(d1f3f2bdf792f6f47a2e3456646041e5) Importer(2089858483,192608db42251d675da83286b1cce702)
Start importing Assets/Standard Assets/Vehicles/Aircraft/Textures using Guid(d1f3f2bdf792f6f47a2e3456646041e5) Importer(2089858483,192608db42251d675da83286b1cce702) (ScriptedImporter) -> (artifact id: 'f0629905f52cf6d8f8d3bddc15c2c8fd') in 0.0133259 seconds
Number of updated asset objects reloaded before import = 0Number of asset objects unloaded after import = 1

========================================================================
Received Import Request.
  Time since last request: 0.000184 seconds.
  path: Assets/Standard Assets/CrossPlatformInput/Scripts/TiltInput.cs
  artifactKey: Guid(5c2d84226fbbaf94e9c1451f1c39b06a) Importer(2089858483,192608db42251d675da83286b1cce702)
Start importing Assets/Standard Assets/CrossPlatformInput/Scripts/TiltInput.cs using Guid(5c2d84226fbbaf94e9c1451f1c39b06a) Importer(2089858483,192608db42251d675da83286b1cce702) (ScriptedImporter) -> (artifact id: '41721ca912450fb76207e55d265484fe') in 0.0122661 seconds
Number of updated asset objects reloaded before import = 0Number of asset objects unloaded after import = 0

========================================================================
Received Import Request.
  Time since last request: 0.015388 seconds.
  path: Assets/Standard Assets/Characters/FirstPersonCharacter/Audio/Jump.wav
  artifactKey: Guid(5897aeed9b676024fbb8c694b421a861) Importer(2089858483,192608db42251d675da83286b1cce702)
Start importing Assets/Standard Assets/Characters/FirstPersonCharacter/Audio/Jump.wav using Guid(5897aeed9b676024fbb8c694b421a861) Importer(2089858483,192608db42251d675da83286b1cce702) (ScriptedImporter) -> (artifact id: '2080247e6bc4651d361c4a5e266ed811') in 0.0220025 seconds
Number of updated asset objects reloaded before import = 0Number of asset objects unloaded after import = 1

========================================================================
Received Import Request.
  Time since last request: 0.000015 seconds.
  path: Assets/Standard Assets/2D/Animations/RobotBoyRun.anim
  artifactKey: Guid(1c4aa503092e12040ac412fec79b5d67) Importer(2089858483,192608db42251d675da83286b1cce702)
Start importing Assets/Standard Assets/2D/Animations/RobotBoyRun.anim using Guid(1c4aa503092e12040ac412fec79b5d67) Importer(2089858483,192608db42251d675da83286b1cce702) (ScriptedImporter) -> (artifact id: '64203003bf69bc2a9ca648e79be38fc7') in 0.0140762 seconds
Number of updated asset objects reloaded before import = 0Number of asset objects unloaded after import = 1

========================================================================
Received Import Request.
  Time since last request: 0.000019 seconds.
  path: Assets/Standard Assets/Vehicles/Aircraft/Textures/AircraftWingsJetNormals.png
  artifactKey: Guid(f7c27487b4792e640b8816a7e0e2f5dd) Importer(2089858483,192608db42251d675da83286b1cce702)
Start importing Assets/Standard Assets/Vehicles/Aircraft/Textures/AircraftWingsJetNormals.png using Guid(f7c27487b4792e640b8816a7e0e2f5dd) Importer(2089858483,192608db42251d675da83286b1cce702) (ScriptedImporter) -> (artifact id: '3235f7d3782e92696ceb8a953df8f4c8') in 0.0429054 seconds
Number of updated asset objects reloaded before import = 0Number of asset objects unloaded after import = 1

========================================================================
Received Import Request.
  Time since last request: 0.000018 seconds.
  path: Assets/Standard Assets/Environment/SpeedTree/Broadleaf/Broadleaf_Mobile.spm
  artifactKey: Guid(6aab193b7693b5e4c9741f1917d2987c) Importer(2089858483,192608db42251d675da83286b1cce702)
Start importing Assets/Standard Assets/Environment/SpeedTree/Broadleaf/Broadleaf_Mobile.spm using Guid(6aab193b7693b5e4c9741f1917d2987c) Importer(2089858483,192608db42251d675da83286b1cce702) (ScriptedImporter) -> (artifact id: 'f431f01d37292c35667aee57b60e25b6') in 0.0108618 seconds
Number of updated asset objects reloaded before import = 0Number of asset objects unloaded after import = 0

========================================================================
Received Import Request.
  Time since last request: 0.000026 seconds.
  path: Assets/Standard Assets/Environment/TerrainAssets/SurfaceTextures/GrassHillAlbedo.psd
  artifactKey: Guid(c6e0767b1f8c34890ac245217f4b9731) Importer(2089858483,192608db42251d675da83286b1cce702)
Start importing Assets/Standard Assets/Environment/TerrainAssets/SurfaceTextures/GrassHillAlbedo.psd using Guid(c6e0767b1f8c34890ac245217f4b9731) Importer(2089858483,192608db42251d675da83286b1cce702) (ScriptedImporter) -> (artifact id: '9adde9d904a810616179819662a21191') in 0.0174042 seconds
Number of updated asset objects reloaded before import = 0Number of asset objects unloaded after import = 1

========================================================================
Received Import Request.
  Time since last request: 0.000027 seconds.
  path: Assets/Standard Assets/PhysicsMaterials/Metal.physicmaterial
  artifactKey: Guid(01571ba68fb2dad46aa03094ab219579) Importer(2089858483,192608db42251d675da83286b1cce702)
Start importing Assets/Standard Assets/PhysicsMaterials/Metal.physicmaterial using Guid(01571ba68fb2dad46aa03094ab219579) Importer(2089858483,192608db42251d675da83286b1cce702) (ScriptedImporter) -> (artifact id: '722d4d8f1855b12f62a38c5656dbcc42') in 0.010254 seconds
Number of updated asset objects reloaded before import = 0Number of asset objects unloaded after import = 1

========================================================================
Received Import Request.
  Time since last request: 0.000015 seconds.
  path: Assets/Standard Assets/Vehicles/Aircraft/Audio/JetEngine.wav
  artifactKey: Guid(9db9336e9f17c9744847c5fe94c1650f) Importer(2089858483,192608db42251d675da83286b1cce702)
Start importing Assets/Standard Assets/Vehicles/Aircraft/Audio/JetEngine.wav using Guid(9db9336e9f17c9744847c5fe94c1650f) Importer(2089858483,192608db42251d675da83286b1cce702) (ScriptedImporter) -> (artifact id: 'ae2351b42fb98e55d69613e9c714b6ce') in 0.0206803 seconds
Number of updated asset objects reloaded before import = 0Number of asset objects unloaded after import = 1

========================================================================
Received Import Request.
  Time since last request: 0.000018 seconds.
  path: Assets/Standard Assets/ParticleSystems/Textures/ParticleFirecloud.png
  artifactKey: Guid(c3d66a8056f9db345b1ea380aa7e815d) Importer(2089858483,192608db42251d675da83286b1cce702)
Start importing Assets/Standard Assets/ParticleSystems/Textures/ParticleFirecloud.png using Guid(c3d66a8056f9db345b1ea380aa7e815d) Importer(2089858483,192608db42251d675da83286b1cce702) (ScriptedImporter) -> (artifact id: 'bbd88899af00e08ee92aef0671adfa93') in 0.0159783 seconds
Number of updated asset objects reloaded before import = 0Number of asset objects unloaded after import = 1

========================================================================
Received Import Request.
  Time since last request: 0.000014 seconds.
  path: Assets/Standard Assets/Fonts/OpenSans
  artifactKey: Guid(c32de72f872aad9448b3118fda0231fb) Importer(2089858483,192608db42251d675da83286b1cce702)
Start importing Assets/Standard Assets/Fonts/OpenSans using Guid(c32de72f872aad9448b3118fda0231fb) Importer(2089858483,192608db42251d675da83286b1cce702) (ScriptedImporter) -> (artifact id: '3452cab4bb08d67ed672eb050abbb178') in 0.0085552 seconds
Number of updated asset objects reloaded before import = 0Number of asset objects unloaded after import = 1

========================================================================
Received Prepare
Refreshing native plugins compatible for Editor in 8.66 ms, found 3 plugins.
Preloading 0 native plugins for Editor in 0.00 ms.
Unloading 52 Unused Serialized files (Serialized files now loaded: 0)
Unloading 7909 unused Assets / (10.3 MB). Loaded Objects now: 8592.
Memory consumption went from 174.2 MB to 163.9 MB.
Total: 25.802300 ms (FindLiveObjects: 1.843400 ms CreateObjectMapping: 2.342600 ms MarkObjects: 14.106800 ms  DeleteObjects: 7.506500 ms)

Prepare: number of updated asset objects reloaded= 0
Editor requested this worker to shutdown with reason: Scaling down because of idle timeout
AssetImportWorker is now disconnected from the server
Process exiting
Exiting without the bug reporter. Application will terminate with return code 0