
=== Thu Jun 20 01:44:04 2019

Packages were changed.
Update Mode: mergeDefaultDependencies

The following packages were added:
  com.unity.analytics@3.2.2
  com.unity.purchasing@2.0.3
  com.unity.ads@2.0.8
  com.unity.textmeshpro@1.3.0
  com.unity.package-manager-ui@2.0.3
  com.unity.collab-proxy@1.2.15
  com.unity.modules.ai@1.0.0
  com.unity.modules.animation@1.0.0
  com.unity.modules.assetbundle@1.0.0
  com.unity.modules.audio@1.0.0
  com.unity.modules.cloth@1.0.0
  com.unity.modules.director@1.0.0
  com.unity.modules.imageconversion@1.0.0
  com.unity.modules.imgui@1.0.0
  com.unity.modules.jsonserialize@1.0.0
  com.unity.modules.particlesystem@1.0.0
  com.unity.modules.physics@1.0.0
  com.unity.modules.physics2d@1.0.0
  com.unity.modules.screencapture@1.0.0
  com.unity.modules.terrain@1.0.0
  com.unity.modules.terrainphysics@1.0.0
  com.unity.modules.tilemap@1.0.0
  com.unity.modules.ui@1.0.0
  com.unity.modules.uielements@1.0.0
  com.unity.modules.umbra@1.0.0
  com.unity.modules.unityanalytics@1.0.0
  com.unity.modules.unitywebrequest@1.0.0
  com.unity.modules.unitywebrequestassetbundle@1.0.0
  com.unity.modules.unitywebrequestaudio@1.0.0
  com.unity.modules.unitywebrequesttexture@1.0.0
  com.unity.modules.unitywebrequestwww@1.0.0
  com.unity.modules.vehicles@1.0.0
  com.unity.modules.video@1.0.0
  com.unity.modules.vr@1.0.0
  com.unity.modules.wind@1.0.0
  com.unity.modules.xr@1.0.0

=== Sat Apr 16 15:09:43 2022

Packages were changed.
Update Mode: updateDependencies

The following packages were added:
  com.unity.2d.sprite@1.0.0
  com.unity.2d.tilemap@1.0.0
  com.unity.ide.rider@1.2.1
  com.unity.ide.visualstudio@2.0.14
  com.unity.ide.vscode@1.2.5
  com.unity.modules.androidjni@1.0.0
  com.unity.multiplayer-hlapi@1.0.8
  com.unity.test-framework@1.1.31
  com.unity.timeline@1.2.18
  com.unity.ugui@1.0.0
  com.unity.xr.legacyinputhelpers@2.1.9
The following packages were removed:
  com.unity.package-manager-ui@2.2.0

=== Sat Apr 16 15:18:00 2022

Packages were changed.
Update Mode: updateDependencies

The following packages were updated:
  com.unity.collab-proxy from version 1.14.16 to 1.15.15
  com.unity.ide.rider from version 1.2.1 to 3.0.13
  com.unity.probuilder from version 4.5.2 to 5.0.3
  com.unity.textmeshpro from version 2.1.6 to 3.0.6
  com.unity.timeline from version 1.2.18 to 1.6.4
The following packages were removed:
  com.unity.multiplayer-hlapi@1.0.8

=== Mon Mar 10 16:51:39 2025

Packages were changed.
Update Mode: updateDependencies

The following packages were added:
  com.unity.ai.navigation@2.0.5
  com.unity.modules.accessibility@1.0.0
  com.unity.multiplayer.center@1.0.0
The following packages were updated:
  com.unity.ads from version 3.7.5 to 4.4.2
  com.unity.analytics from version 3.6.12 to 3.8.1
  com.unity.collab-proxy from version 1.15.15 to 2.6.0
  com.unity.ide.rider from version 3.0.13 to 3.0.31
  com.unity.ide.visualstudio from version 2.0.14 to 2.0.22
  com.unity.postprocessing from version 3.2.2 to 3.4.0
  com.unity.probuilder from version 5.0.3 to 6.0.4
  com.unity.purchasing from version 4.1.4 to 4.12.2
  com.unity.test-framework from version 1.1.31 to 1.4.5
  com.unity.timeline from version 1.6.4 to 1.8.7
  com.unity.ugui from version 1.0.0 to 2.0.0
  com.unity.xr.legacyinputhelpers from version 2.1.9 to 2.1.11
The following packages were removed:
  com.unity.textmeshpro@3.0.6

=== Mon Mar 10 17:01:19 2025

Packages were changed.
Update Mode: updateDependencies

The following packages were updated:
  com.unity.ai.navigation from version 2.0.0 to 2.0.5
  com.unity.burst from version 1.8.13 to 1.8.18
  com.unity.cinemachine from version 2.10.0 to 2.10.3
  com.unity.collab-proxy from version 2.5.1 to 2.6.0
  com.unity.collections from version 2.4.0 to 2.5.1
  com.unity.ide.rider from version 3.0.28 to 3.0.31
  com.unity.inputsystem from version 1.8.1 to 1.11.2
  com.unity.mathematics from version 1.3.1 to 1.3.2
  com.unity.test-framework from version 1.4.3 to 1.4.5
  com.unity.timeline from version 1.8.6 to 1.8.7
  com.unity.visualscripting from version 1.9.4 to 1.9.5

=== Mon Mar 10 17:01:19 2025

Packages were changed.
Update Mode: mergeDefaultDependencies

The following packages were added:
  com.unity.burst@1.8.18
  com.unity.cinemachine@2.10.3
  com.unity.collections@2.5.1
  com.unity.ext.nunit@2.0.5
  com.unity.inputsystem@1.11.2
  com.unity.mathematics@1.3.2
  com.unity.nuget.mono-cecil@1.11.4
  com.unity.package-validation-suite@0.22.0-preview
  com.unity.render-pipelines.core@17.0.3
  com.unity.render-pipelines.universal@17.0.3
  com.unity.render-pipelines.universal-config@17.0.3
  com.unity.rendering.light-transport@1.0.1
  com.unity.searcher@4.9.2
  com.unity.shadergraph@17.0.3
  com.unity.test-framework.performance@3.0.3
  com.unity.visualscripting@1.9.5
  com.unity.modules.hierarchycore@1.0.0
  com.unity.modules.subsystems@1.0.0
